<?xml version="1.0" encoding="UTF-8"?>
<testsuite xmlns:xsi="http://www.w3.org/2001/XMLSchema-instance" xsi:noNamespaceSchemaLocation="https://maven.apache.org/surefire/maven-surefire-plugin/xsd/surefire-test-report.xsd" name="com.zainabed.tutorials.StringUtilTest" time="0.258" tests="2" errors="0" skipped="0" failures="0">
  <properties>
[...]
</properties>
  <testcase name="should_return_zero_for_empty_string" classname="com.zainabed.tutorials.StringUtilTest" time="0.182"/>
  <testcase name="should_return_count_of_numeric_value" classname="com.zainabed.tutorials.StringUtilTest" time="0"/>
</testsuite>